Version 1.0
------------------------------------------------
Istanbul
Here is WorkerThread!
Çrş 14 Nis 2021 15:56:43 +03
----------------------END----------------------
Version 2.0
------------------------------------------------
Istanbul
Ankara
Here is WorkerThread!
Çrş 14 Nis 2021 15:56:53 +03
----------------------END----------------------
Version 3.0
------------------------------------------------
Istanbul
Ankara
Izmir
Here is WorkerThread!
Çrş 14 Nis 2021 15:57:03 +03
----------------------END----------------------